2020-07-13 20:33:32.661 [main] INFO  com.example.demo.JpaApplication - Starting JpaApplication on DESKTOP-F9D78VK with PID 13044 (E:\dongdong\springboot-jpa\target\classes started by lenovo1 in E:\dongdong\springboot-jpa)
2020-07-13 20:33:32.671 [main] INFO  com.example.demo.JpaApplication - No active profile set, falling back to default profiles: default
2020-07-13 20:33:33.698 [main] INFO  o.s.d.r.config.RepositoryConfigurationDelegate - Multiple Spring Data modules found, entering strict repository configuration mode!
2020-07-13 20:33:33.699 [main] INFO  o.s.d.r.config.RepositoryConfigurationDelegate - Bootstrapping Spring Data repositories in DEFAULT mode.
2020-07-13 20:33:33.727 [main] INFO  o.s.d.r.config.RepositoryConfigurationDelegate - Finished Spring Data repository scanning in 19ms. Found 0 repository interfaces.
2020-07-13 20:33:33.745 [main] INFO  o.s.d.r.config.RepositoryConfigurationDelegate - Multiple Spring Data modules found, entering strict repository configuration mode!
2020-07-13 20:33:33.747 [main] INFO  o.s.d.r.config.RepositoryConfigurationDelegate - Bootstrapping Spring Data repositories in DEFAULT mode.
2020-07-13 20:33:33.765 [main] INFO  o.s.d.r.config.RepositoryConfigurationDelegate - Finished Spring Data repository scanning in 7ms. Found 0 repository interfaces.
2020-07-13 20:33:34.171 [main] INFO  o.s.c.s.PostProcessorRegistrationDelegate$BeanPostProcessorChecker - Bean 'org.springframework.transaction.annotation.ProxyTransactionManagementConfiguration' of type [org.springframework.transaction.annotation.ProxyTransactionManagementConfiguration$$EnhancerBySpringCGLIB$$222ebfd3] is not eligible for getting processed by all BeanPostProcessors (for example: not eligible for auto-proxying)
2020-07-13 20:33:34.495 [main] INFO  o.s.boot.web.embedded.tomcat.TomcatWebServer - Tomcat initialized with port(s): 8080 (http)
2020-07-13 20:33:34.514 [main] INFO  org.apache.coyote.http11.Http11NioProtocol - Initializing ProtocolHandler ["http-nio-8080"]
2020-07-13 20:33:34.525 [main] INFO  org.apache.catalina.core.StandardService - Starting service [Tomcat]
2020-07-13 20:33:34.526 [main] INFO  org.apache.catalina.core.StandardEngine - Starting Servlet engine: [Apache Tomcat/9.0.26]
2020-07-13 20:33:34.743 [main] INFO  o.a.c.core.ContainerBase.[Tomcat].[localhost].[/] - Initializing Spring embedded WebApplicationContext
2020-07-13 20:33:34.744 [main] INFO  org.springframework.web.context.ContextLoader - Root WebApplicationContext: initialization completed in 1950 ms
2020-07-13 20:33:35.240 [main] INFO  com.zaxxer.hikari.HikariDataSource - HikariPool-1 - Starting...
2020-07-13 20:33:35.342 [main] INFO  com.zaxxer.hikari.HikariDataSource - HikariPool-1 - Start completed.
2020-07-13 20:33:35.391 [main] INFO  org.hibernate.jpa.internal.util.LogHelper - HHH000204: Processing PersistenceUnitInfo [
	name: default
	...]
2020-07-13 20:33:35.510 [main] INFO  org.hibernate.Version - HHH000412: Hibernate Core {5.3.12.Final}
2020-07-13 20:33:35.518 [main] INFO  org.hibernate.cfg.Environment - HHH000206: hibernate.properties not found
2020-07-13 20:33:35.682 [main] INFO  org.hibernate.annotations.common.Version - HCANN000001: Hibernate Commons Annotations {5.0.4.Final}
2020-07-13 20:33:35.881 [main] INFO  org.hibernate.dialect.Dialect - HHH000400: Using dialect: org.hibernate.dialect.MySQL5Dialect
2020-07-13 20:33:36.141 [main] INFO  o.s.orm.jpa.LocalContainerEntityManagerFactoryBean - Initialized JPA EntityManagerFactory for persistence unit 'default'
2020-07-13 20:33:36.806 [main] INFO  o.s.scheduling.concurrent.ThreadPoolTaskExecutor - Initializing ExecutorService 'applicationTaskExecutor'
2020-07-13 20:33:37.151 [main] INFO  org.apache.coyote.http11.Http11NioProtocol - Starting ProtocolHandler ["http-nio-8080"]
2020-07-13 20:33:37.172 [main] INFO  o.s.boot.web.embedded.tomcat.TomcatWebServer - Tomcat started on port(s): 8080 (http) with context path ''
2020-07-13 20:33:37.175 [main] INFO  com.example.demo.JpaApplication - Started JpaApplication in 5.384 seconds (JVM running for 7.042)
2020-07-13 20:34:07.316 [http-nio-8080-exec-1] INFO  o.a.c.core.ContainerBase.[Tomcat].[localhost].[/] - Initializing Spring DispatcherServlet 'dispatcherServlet'
2020-07-13 20:34:07.316 [http-nio-8080-exec-1] INFO  org.springframework.web.servlet.DispatcherServlet - Initializing Servlet 'dispatcherServlet'
2020-07-13 20:34:07.332 [http-nio-8080-exec-1] INFO  org.springframework.web.servlet.DispatcherServlet - Completed initialization in 16 ms
2020-07-13 20:34:07.561 [http-nio-8080-exec-1] INFO  com.example.demo.user.controller.UserController - 新增健康咨询--文章评论信息,请求参数 gyEssayComment=User(id=1232323121, username=11212312, password=12131323121)
